1532319181231	geckodriver	INFO	geckodriver 0.21.0
1532319181239	geckodriver	INFO	Listening on 127.0.0.1:53617
1532319184312	mozrunner::runner	INFO	Running command: "C:\\Program Files\\Mozilla Firefox\\firefox.exe" "-marionette" "-foreground" "-no-remote" "-profile" "C:\\Users\\User\\AppData\\Local\\Temp\\rust_mozprofile.CYx2hXUKk67y"
Unable to read VR Path Registry from C:\Users\User\AppData\Local\openvr\openvrpaths.vrpath
Unable to read VR Path Registry from C:\Users\User\AppData\Local\openvr\openvrpaths.vrpath
Unable to read VR Path Registry from C:\Users\User\AppData\Local\openvr\openvrpaths.vrpath
Unable to read VR Path Registry from C:\Users\User\AppData\Local\openvr\openvrpaths.vrpath
Unable to read VR Path Registry from C:\Users\User\AppData\Local\openvr\openvrpaths.vrpath
1532319186345	Marionette	INFO	Listening on port 53633
1532319186435	Marionette	WARN	TLS certificate errors will be ignored for this session
[Parent 12952, Gecko_IOThread] WARNING: pipe error: 109: file z:/build/build/src/ipc/chromium/src/chrome/common/ipc_channel_win.cc, line 346
[Child 8344, Chrome_ChildThread] WARNING: pipe error: 109: file z:/build/build/src/ipc/chromium/src/chrome/common/ipc_channel_win.cc, line 346
[Child 8344,[Child 10292, Chrome_ChildThread] WARNING: pipe error: 109: file z:/build/build/src/ipc/chromium/src/chrome/common/ipc_channel_win.cc, line 346
[Child 10292[Parent 12952, Gecko_IOThread] WARNING: pipe error: 109: file z:/build/build/src/ipc/chromium/src/chrome/common/ipc_channel_win.cc, line 346
[Child 2492, Chrome_ChildThread] WARNING: pipe error: 109: file z:/build/build/src/ipc/chromium/src/chrome/common/ipc_channel_win.cc, line 346
[Child 2*** UTM:SVC TimerManager:registerTimer called after profile-before-change notification. Ignoring timer registration for id: telemetry_modules_ping

###!!! [Child][MessageChannel::SendAndWait] Error: Channel error: cannot send/recv

1532319224599	geckodriver	INFO	geckodriver 0.21.0
1532319224606	geckodriver	INFO	Listening on 127.0.0.1:53794
1532319227694	mozrunner::runner	INFO	Running command: "C:\\Program Files\\Mozilla Firefox\\firefox.exe" "-marionette" "-foreground" "-no-remote" "-profile" "C:\\Users\\User\\AppData\\Local\\Temp\\rust_mozprofile.bGVh8bwbCbDB"
Unable to read VR Path Registry from C:\Users\User\AppData\Local\openvr\openvrpaths.vrpath
Unable to read VR Path Registry from C:\Users\User\AppData\Local\openvr\openvrpaths.vrpath
Unable to read VR Path Registry from C:\Users\User\AppData\Local\openvr\openvrpaths.vrpath
Unable to read VR Path Registry from C:\Users\User\AppData\Local\openvr\openvrpaths.vrpath
Unable to read VR Path Registry from C:\Users\User\AppData\Local\openvr\openvrpaths.vrpath
1532319229282	Marionette	INFO	Listening on port 53806
1532319229349	Marionette	WARN	TLS certificate errors will be ignored for this session
[Parent 10076, Gecko_IOThread] WARNING: pipe error: 109: file z:/build/build/src/ipc/chromium/src/chrome/common/ipc_channel_win.cc, line 346
[Child 452, Chrome_ChildThread] WARNING: pipe error: 109: file z:/build/build/src/ipc/chromium/src/chrome/common/ipc_channel_win.cc, line 346
[Child 2148, Chrome_ChildThread] WARNING: pipe error: 109: file z:/build/build/src/ipc/chromium/src/chrome/common/ipc_channel_win.cc, line 346
[Child 2148, Chrome_ChildTh[Parent 10076, Gecko_IOThread] WARNING: pipe error: 109: file z:/build/build/src/ipc/chromium/src/chrome/common/ipc_channel_win.cc, line 346
[Child
###!!! [Child][MessageChannel::SendAndWait] Error: Channel error: cannot send/recv

ths.vrpath
Unable to read VR Path Registry from C:\Users\User\AppData\Local\openvr\openvrpaths.vrpath
1532319271728	Marionette	INFO	Listening on port 54018
1532319272060	Marionette	WARN	TLS certificate errors will be ignored for this session
[Parent 12128, Gecko_IOThread] WARNING: pipe error: 109: file z:/build/build/src/ipc/chromium/src/chrome/common/ipc_channel_win.cc, line 346
[Child 12956, Chrome_ChildThread] WARNING: pipe error: 109: file z:/build/build/src/ipc/chromium/src/chrome/common/ipc_channel_win.cc, line 346
[Child 12956, Chrome_ChildThread] WARNING: pipe error: 109: file z:/build/build/src/ipc[Parent 12128, Gecko_IOThread] WARNING: pipe error: 109: file z:/build/build/src/ipc/chromium/src/chrome/common/ipc_channel_win.cc, line 346
[Child 10020, Chrome_ChildThread] WARNING: pipe error: 109: file z:/build/build/src/ipc/chromium/src/chrome/common/ipc_channel_win.cc, line 346
[Child 10020, Chrome_ChildThread] WARNING: pipe error: 109: file z:/build/build/src/ipc/chromium/src/chrome/common/ipc_channel_win.cc, line 346
*** UTM:SVC TimerManager:registerTimer called after profile-before-change notification. Ignoring timer registration for id: telemetry_modules_ping
[GPU 11884, Ch
###!!! [Child][MessageChannel::SendAndWait] Error: Channel error: cannot send/recv

1532319365193	geckodriver	INFO	geckodriver 0.21.0
1532319365200	geckodriver	INFO	Listening on 127.0.0.1:54436
1532319368292	mozrunner::runner	INFO	Running command: "C:\\Program Files\\Mozilla Firefox\\firefox.exe" "-marionette" "-foreground" "-no-remote" "-profile" "C:\\Users\\User\\AppData\\Local\\Temp\\rust_mozprofile.SAS4hBHKhMc2"
Unable to read VR Path Registry from C:\Users\User\AppData\Local\openvr\openvrpaths.vrpath
Unable to read VR Path Registry from C:\Users\User\AppData\Local\openvr\openvrpaths.vrpath
Unable to read VR Path Registry from C:\Users\User\AppData\Local\openvr\openvrpaths.vrpath
Unable to read VR Path Registry from C:\Users\User\AppData\Local\openvr\openvrpaths.vrpath
Unable to read VR Path Registry from C:\Users\User\AppData\Local\openvr\openvrpaths.vrpath
1532319369894	Marionette	INFO	Listening on port 54459
1532319369919	Marionette	WARN	TLS certificate errors will be ignored for this session
[Parent 7768, Gecko_IOThread] WARNING: pipe error: 109: file z:/build/build/src/ipc/chromium/src/chrome/common/ipc_channel_win.cc, line 346
[Parent 7768, Gecko_IOThread] WARNING: pipe error: 109: file z:/build/build/src/ipc/chromium/src/chrome/common/ipc_channel_win.cc, line 346
[Parent 7768, Gecko_IOThread] WARNING: pipe error: 109: file z:/build/build/src/ipc/chromium/src/chrome/common/ipc_channel_win.cc, line 346
*** UTM:SVC TimerManager:registerTimer called after profile-before-change notification. Ignoring timer registration for id: telemetry_modules_ping

###!!! [Child][MessageChannel::SendAndWait] Error: Channel error: cannot send/recv

1532319399464	geckodriver	INFO	geckodriver 0.21.0
1532319399472	geckodriver	INFO	Listening on 127.0.0.1:54598
1532319402538	mozrunner::runner	INFO	Running command: "C:\\Program Files\\Mozilla Firefox\\firefox.exe" "-marionette" "-foreground" "-no-remote" "-profile" "C:\\Users\\User\\AppData\\Local\\Temp\\rust_mozprofile.wF9tlii7t6kM"
Unable to read VR Path Registry from C:\Users\User\AppData\Local\openvr\openvrpaths.vrpath
Unable to read VR Path Registry from C:\Users\User\AppData\Local\openvr\openvrpaths.vrpath
Unable to read VR Path Registry from C:\Users\User\AppData\Local\openvr\openvrpaths.vrpath
Unable to read VR Path Registry from C:\Users\User\AppData\Local\openvr\openvrpaths.vrpath
Unable to read VR Path Registry from C:\Users\User\AppData\Local\openvr\openvrpaths.vrpath
1532319404474	Marionette	INFO	Listening on port 54621
1532319404657	Marionette	WARN	TLS certificate errors will be ignored for this session
[Parent 14580, Gecko_IOThread] WARNING: pipe error: 109: file z:/build/build/src/ipc/chromium/src/chrome/common/ipc_channel_win.cc, line 346
[Parent 14580, Gecko_IOThread] WARNING: pipe error: 109: file z:/build/build/src/ipc/chromium/src/chrome/common/ipc_channel_win.cc, line 346
[Child 10280, Chrome_ChildThread] WARNING: pipe error: 109: file z:/build/build/src/ipc/chromium/src/chrome/common/ipc_channel_win.cc, line 346
[Child 10280, Chrome_ChildThread] WARNING: pipe error: 109: file z:/build/build/sr[Parent 14580, Gecko_IOThread] WARNING: pipe error: 109: file z:/build/build/src/ipc/chromium/src/chrome/common/ipc_channel_win.cc, line 346
[Child 12652, Chrome_ChildThread] WARNING: pipe error: 109: file z:/build/build/src/ipc/chromium/src/chrome/common/ipc_channel_win.cc, line 346
[Child 12652, Chrome_ChildThre[GPU 10996, Ch
###!!! [Child][MessageChannel::SendAndWait] Error: Channel error: cannot send/recv

ession
[Parent 4200, Gecko_IOThread] WARNING: pipe error: 109: file z:/build/build/src/ipc/chromium/src/chrome/common/ipc_channel_win.cc, line 346
[Child 7664, Chrome_ChildThread] WARNING: pipe error: 109: file z:/build/build/src/ipc/chromium/src/chrome/common/ipc_channel_win.cc, line 346
[Child 7664, Chrome_ChildThread] WARNING: pipe error: 109: [Parent 4200, Gecko_IOThread] WARNING: pipe error: 109: file z:/build/build/src/ipc/chromium/src/chrome/common/ipc_channel_win.cc, line 346

###!!! [Child][MessageChannel::SendAndWait] Error: Channel error: cannot send/recv

pData\Local\openvr\openvrpaths.vrpath
Unable to read VR Path Registry from C:\Users\User\AppData\Local\openvr\openvrpaths.vrpath
Unable to read VR Path Registry from C:\Users\User\AppData\Local\openvr\openvrpaths.vrpath
1532320238367	Marionette	INFO	Listening on port 57955
1532320238687	Marionette	WARN	TLS certificate errors will be ignored for this session
[Parent 7660, Gecko_IOThread] WARNING: pipe error: 109: file z:/build/build/src/ipc/chromium/src/chrome/common/ipc_channel_win.cc, line 346
[Parent 7660, Gecko_IOThread] WARNING: pipe error: 109: file z:/build/build/src/ipc/chromium/src/chrome/common/ipc_channel_win.cc, line 346
[Child 14684, Chrome_ChildThread] WARNING: pipe error: 109: file z:/build/build/src/ipc/chromium/src/chrome/common/ipc_channel_win.cc, line 346
[Child 14684, Chrome_ChildThread] WARNING: pipe error: 109: file z:/build/build/src/ipc/chromium/src/chrome/common/ipc_channel_win.cc, line 346
[Parent 7660, Gecko_IOThread] WARNING: pipe error: 109: file z:/build/build/src/ipc/chromium/src/chrome/common/ipc_channel_win.cc, line 346

###!!! [Child][MessageChannel::SendAndWait] Error: Channel error: cannot send/recv

1532320375559	geckodriver	INFO	geckodriver 0.21.0
1532320375592	geckodriver	INFO	Listening on 127.0.0.1:58520
1532320378664	mozrunner::runner	INFO	Running command: "C:\\Program Files\\Mozilla Firefox\\firefox.exe" "-marionette" "-foreground" "-no-remote" "-profile" "C:\\Users\\User\\AppData\\Local\\Temp\\rust_mozprofile.t2neGs1tTtrx"
Unable to read VR Path Registry from C:\Users\User\AppData\Local\openvr\openvrpaths.vrpath
Unable to read VR Path Registry from C:\Users\User\AppData\Local\openvr\openvrpaths.vrpath
Unable to read VR Path Registry from C:\Users\User\AppData\Local\openvr\openvrpaths.vrpath
Unable to read VR Path Registry from C:\Users\User\AppData\Local\openvr\openvrpaths.vrpath
Unable to read VR Path Registry from C:\Users\User\AppData\Local\openvr\openvrpaths.vrpath
1532320381716	Marionette	INFO	Listening on port 58541
1532320382490	Marionette	WARN	TLS certificate errors will be ignored for this session
[Parent 9652, Gecko_IOThread] WARNING: pipe error: 109: file z:/build/build/src/ipc/chromium/src/chrome/common/ipc_channel_win.cc, line 346
[Parent 9652, Gecko_IOThread] WARNING: pipe error: 109: file z:/build/build/src/ipc/chromium/src/chrome/common/ipc_channel_win.cc, line 346
[Child 10032, Chrome_ChildThread] WARNING: pipe error: 109: file z:/build/build/src/ipc/chromium/src/chrome/commo[Child 2820, Chrome_ChildThread] WARNn/ipc_channel_win.cc, line 346
[Child 10032, Chrome_ChildThread] WARNING: pipe error: 109: file z:/build/build/src/ipc/chromium/src/chrome/common/ipc_channel_win.cc, lING: pipe error: 109: file z:/build/build/src/ipc/chromium/src/chrome/common/ipc_channel_win.cc, line 346
ine 346
[Parent 9652, Gecko_IOThread] WARNING: pipe error: 109: file z:/build/build/src/ipc/chromium/src/chrome/common/ipc_channel_win.cc, line 346
[GPU 10324, Ch
###!!! [Child][MessageChannel::SendAndWait] Error: Channel error: cannot send/recv

